c:\users\rebek\source\duality\hv3dduality\generated files\app.g.h
c:\users\rebek\source\duality\hv3dduality\generated files\app.xaml.g.h
c:\users\rebek\source\duality\hv3dduality\generated files\hv3dcolorswatch.g.h
c:\users\rebek\source\duality\hv3dduality\generated files\hv3dcolorswatch.xaml.g.h
c:\users\rebek\source\duality\hv3dduality\generated files\hv3dpage.g.h
c:\users\rebek\source\duality\hv3dduality\generated files\hv3dpage.xaml.g.h
c:\users\rebek\source\duality\hv3dduality\generated files\hv3dstartmenu.g.h
c:\users\rebek\source\duality\hv3dduality\generated files\hv3dstartmenu.xaml.g.h
c:\users\rebek\source\duality\hv3dduality\generated files\hv3duielement.g.h
c:\users\rebek\source\duality\hv3dduality\generated files\hv3duielement.xaml.g.h
c:\users\rebek\source\duality\hv3dduality\generated files\mainpage.g.h
c:\users\rebek\source\duality\hv3dduality\generated files\mainpage.xaml.g.h
c:\users\rebek\source\duality\hv3dduality\generated files\xamlbindinginfo.g.h
c:\users\rebek\source\duality\hv3dduality\generated files\xamlbindinginfo.xaml.g.h
c:\users\rebek\source\duality\hv3dduality\generated files\xamlmetadataprovider.g.h
c:\users\rebek\source\duality\hv3dduality\generated files\xamltypeinfo.g.h
c:\users\rebek\source\duality\hv3dduality\generated files\xamltypeinfo.xaml.g.h
c:\users\rebek\source\duality\hv3dduality\generated files\hv3dstartmenu.g.cpp
c:\users\rebek\source\duality\hv3dduality\generated files\mainpage.g.cpp
c:\users\rebek\source\duality\hv3dduality\generated files\module.g.cpp
c:\users\rebek\source\duality\hv3dduality\generated files\xamllibmetadataprovider.g.cpp
c:\users\rebek\source\duality\hv3dduality\generated files\xamlmetadataprovider.g.cpp
c:\users\rebek\source\duality\hv3dduality\generated files\xamltypeinfo.impl.g.cpp
