c:\users\rebek\source\duality\hv3dmpu\x64\debug\pch.pch
c:\users\rebek\source\duality\hv3dmpu\x64\debug\vc142.pdb
c:\users\rebek\source\duality\hv3dmpu\x64\debug\vc142.idb
c:\users\rebek\source\duality\hv3dmpu\x64\debug\pch.obj
c:\users\rebek\source\duality\hv3dmpu\x64\debug\module.g.obj
c:\users\rebek\source\duality\hv3dmpu\x64\debug\unmerged\hv3dmpu.winmd
c:\users\rebek\source\duality\hv3dmpu\x64\debug\hv3dmpu.vcxprojassemblyreference.cache
c:\users\rebek\source\duality\hv3dmpu\x64\debug\cppwinrt_comp.rsp
c:\users\rebek\source\duality\hv3dmpu\x64\debug\cppwinrt_plat.rsp
c:\users\rebek\source\duality\hv3dmpu\x64\debug\mdmerge.rsp
c:\users\rebek\source\duality\hv3dmpu\x64\debug\midlrt.rsp
c:\users\rebek\source\duality\hv3dmpu\x64\debug\hv3dmpu.tlog\cl.command.1.tlog
c:\users\rebek\source\duality\hv3dmpu\x64\debug\hv3dmpu.tlog\cl.read.1.tlog
c:\users\rebek\source\duality\hv3dmpu\x64\debug\hv3dmpu.tlog\cl.write.1.tlog
c:\users\rebek\source\duality\hv3dmpu\x64\debug\hv3dmpu.tlog\midl-midlrt.write.1.tlog
c:\users\rebek\source\duality\hv3dmpu\x64\debug\hv3dmpu.tlog\midl.command.1.tlog
c:\users\rebek\source\duality\hv3dmpu\x64\debug\hv3dmpu.tlog\midl.read.1.tlog
c:\users\rebek\source\duality\hv3dmpu\generated files\chv3dmpu.g.h
c:\users\rebek\source\duality\hv3dmpu\generated files\chv3dmpu.g.cpp
c:\users\rebek\source\duality\hv3dmpu\generated files\module.g.cpp
